TN:
SF:/home/server/AWS-Bedrock-Wrapper-to-OpenAI-Compatible/src/domain/auth/types.rs
FN:16,<impl Display for AuthError>::fmt
FN:34,Authentication::new
FN:50,Authentication::register_key
FN:60,Authentication::authenticate
FNF:4
FNDA:0,<impl Display for AuthError>::fmt
FNDA:0,Authentication::new
FNDA:0,Authentication::register_key
FNDA:0,Authentication::authenticate
DA:16,0
DA:17,0
DA:18,0
DA:19,0
DA:20,0
DA:34,0
DA:35,0
DA:36,0
DA:45,0
DA:46,0
DA:50,0
DA:51,0
DA:52,0
DA:54,0
DA:56,0
DA:57,0
DA:60,0
DA:61,0
DA:63,0
DA:65,0
DA:66,0
DA:69,0
DA:70,0
DA:72,0
LF:24
LH:0
end_of_record
TN:
SF:/home/server/AWS-Bedrock-Wrapper-to-OpenAI-Compatible/src/domain/chat/capabilities.rs
FN:15,Vendor::from_model_id
FN:83,ModelCapabilities::matches
FN:92,get_model_capabilities
FN:122,claude_capabilities
FN:168,deepseek_capabilities
FNF:5
FNDA:2,Vendor::from_model_id
FNDA:2,ModelCapabilities::matches
FNDA:4,get_model_capabilities
FNDA:2,claude_capabilities
FNDA:2,deepseek_capabilities
DA:15,2
DA:16,2
DA:17,2
DA:19,2
DA:20,2
DA:21,2
DA:22,2
DA:23,2
DA:24,2
DA:25,2
DA:83,2
DA:84,4
DA:92,4
DA:93,4
DA:96,4
DA:97,4
DA:101,7
DA:102,2
DA:103,3
DA:104,3
DA:105,5
DA:106,2
DA:107,8
DA:108,2
DA:109,4
DA:110,2
DA:111,4
DA:112,2
DA:113,4
DA:114,2
DA:115,4
DA:116,2
DA:118,2
DA:122,2
DA:123,2
DA:124,2
DA:125,2
DA:126,2
DA:127,2
DA:150,3
DA:168,2
DA:343,5
DA:345,6
DA:346,6
DA:348,4
DA:350,2
DA:352,0
DA:387,2
DA:397,2
DA:400,4
DA:401,0
DA:402,0
DA:408,5
DA:409,2
DA:411,2
DA:415,3
DA:416,2
DA:417,2
DA:418,2
DA:420,2
DA:421,4
DA:426,4
DA:427,0
DA:428,0
DA:429,0
DA:431,0
DA:432,0
DA:438,4
DA:441,3
DA:444,5
LF:70
LH:62
end_of_record
TN:
SF:/home/server/AWS-Bedrock-Wrapper-to-OpenAI-Compatible/src/domain/embedding/types.rs
FN:90,NovaRequest<'a>::new
FN:104,NovaRequest<'a>::with_dimension
FNF:2
FNDA:0,NovaRequest<'a>::new
FNDA:0,NovaRequest<'a>::with_dimension
DA:90,0
DA:93,0
DA:104,0
DA:105,0
DA:106,0
LF:5
LH:0
end_of_record
TN:
SF:/home/server/AWS-Bedrock-Wrapper-to-OpenAI-Compatible/src/domain/logging/types.rs
FN:27,ClickHouseLogger::new
FN:69,ClickHouseLogger::flush
FN:91,ClickHouseLogger::log_usage
FNF:3
FNDA:0,ClickHouseLogger::new
FNDA:0,ClickHouseLogger::flush
FNDA:0,ClickHouseLogger::log_usage
DA:27,0
DA:28,0
DA:30,0
DA:31,0
DA:32,0
DA:34,0
DA:36,0
DA:37,0
DA:38,0
DA:39,0
DA:40,0
DA:43,0
DA:44,0
DA:45,0
DA:48,0
DA:49,0
DA:50,0
DA:51,0
DA:52,0
DA:53,0
DA:56,0
DA:57,0
DA:58,0
DA:69,0
DA:70,0
DA:71,0
DA:72,0
DA:73,0
DA:74,0
DA:79,0
DA:80,0
DA:81,0
DA:86,0
DA:87,0
DA:91,0
DA:93,0
DA:94,0
DA:95,0
LF:38
LH:0
end_of_record
TN:
SF:/home/server/AWS-Bedrock-Wrapper-to-OpenAI-Compatible/src/infrastructure/bedrock/converse.rs
FN:23,build_converse_payload
FN:90,extract_text_from_content
FN:100,spawn_log
FNF:3
FNDA:0,build_converse_payload
FNDA:0,extract_text_from_content
FNDA:0,spawn_log
DA:23,0
DA:30,0
DA:31,0
DA:32,0
DA:33,0
DA:34,0
DA:35,0
DA:36,0
DA:39,0
DA:41,0
DA:42,0
DA:43,0
DA:44,0
DA:45,0
DA:48,0
DA:51,0
DA:52,0
DA:53,0
DA:54,0
DA:55,0
DA:58,0
DA:61,0
DA:62,0
DA:63,0
DA:69,0
DA:70,0
DA:71,0
DA:72,0
DA:74,0
DA:75,0
DA:79,0
DA:90,0
DA:91,0
DA:92,0
DA:94,0
DA:100,0
DA:107,0
DA:108,0
LF:38
LH:0
end_of_record
TN:
SF:/home/server/AWS-Bedrock-Wrapper-to-OpenAI-Compatible/src/infrastructure/bedrock/invoke.rs
FN:89,build_thinking_request
FN:126,parse_thinking_params
FN:133,invoke_thinking_model
FNF:3
FNDA:0,build_thinking_request
FNDA:0,parse_thinking_params
FNDA:0,invoke_thinking_model
DA:89,0
DA:95,0
DA:97,0
DA:101,0
DA:104,0
DA:105,0
DA:106,0
DA:107,0
DA:108,0
DA:110,0
DA:114,0
DA:115,0
DA:126,0
DA:127,0
DA:128,0
DA:133,0
DA:138,0
DA:142,0
DA:145,0
DA:147,0
DA:148,0
DA:149,0
DA:150,0
DA:152,0
DA:153,0
LF:25
LH:0
end_of_record
TN:
SF:/home/server/AWS-Bedrock-Wrapper-to-OpenAI-Compatible/src/infrastructure/cache/file_cache.rs
FN:17,refresh_models_cache
FN:50,run_cache_monitor
FNF:2
FNDA:0,refresh_models_cache
FNDA:0,run_cache_monitor
DA:17,0
DA:21,0
DA:23,0
DA:26,0
DA:27,0
DA:30,0
DA:38,0
DA:40,0
DA:41,0
DA:42,0
DA:44,0
DA:50,0
DA:51,0
DA:54,0
DA:55,0
DA:56,0
LF:16
LH:0
end_of_record
TN:
SF:/home/server/AWS-Bedrock-Wrapper-to-OpenAI-Compatible/src/infrastructure/cloudflare/client.rs
FN:33,CloudflareClientBuilder::new
FN:37,CloudflareClientBuilder::account_id
FN:42,CloudflareClientBuilder::api_token
FN:49,CloudflareClientBuilder::base_url
FN:54,CloudflareClientBuilder::build
FN:73,CloudflareClient::builder
FN:79,CloudflareClient::is_cloudflare_model
FN:83,CloudflareClient::endpoint_url
FN:88,CloudflareClient::chat
FN:120,CloudflareClient::chat_streaming
FN:174,<impl From for CfMessage>::from
FN:220,CloudflareResponse::to_openai_response
FNF:12
FNDA:3,CloudflareClientBuilder::new
FNDA:2,CloudflareClientBuilder::account_id
FNDA:2,CloudflareClientBuilder::api_token
FNDA:2,CloudflareClientBuilder::base_url
FNDA:3,CloudflareClientBuilder::build
FNDA:1,CloudflareClient::builder
FNDA:23,CloudflareClient::is_cloudflare_model
FNDA:0,CloudflareClient::endpoint_url
FNDA:0,CloudflareClient::chat
FNDA:0,CloudflareClient::chat_streaming
FNDA:0,<impl From for CfMessage>::from
FNDA:3,CloudflareResponse::to_openai_response
DA:33,3
DA:37,2
DA:38,7
DA:39,4
DA:42,2
DA:43,6
DA:44,3
DA:49,2
DA:50,4
DA:51,2
DA:54,3
DA:55,11
DA:56,10
DA:57,8
DA:59,4
DA:60,7
DA:62,5
DA:63,0
DA:64,4
DA:65,4
DA:66,4
DA:73,1
DA:74,9
DA:79,23
DA:83,0
DA:84,0
DA:88,0
DA:89,0
DA:92,0
DA:93,0
DA:95,0
DA:98,0
DA:101,0
DA:103,0
DA:105,0
DA:106,0
DA:108,0
DA:109,0
DA:110,0
DA:111,0
DA:114,0
DA:115,0
DA:116,0
DA:120,0
DA:124,0
DA:127,0
DA:128,0
DA:130,0
DA:133,0
DA:136,0
DA:139,0
DA:140,0
DA:142,0
DA:143,0
DA:144,0
DA:147,0
DA:148,0
DA:150,0
DA:174,0
DA:175,0
DA:176,0
DA:177,0
DA:179,0
DA:184,0
DA:220,3
DA:221,3
DA:224,0
DA:225,2
DA:228,3
DA:231,3
DA:232,3
DA:233,3
DA:234,3
DA:235,7
DA:243,0
LF:75
LH:32
end_of_record
TN:
SF:/home/server/AWS-Bedrock-Wrapper-to-OpenAI-Compatible/src/interface/chat/chat_handler.rs
FN:42,normalize_model_name
FN:112,chat_handler
FN:176,stream_converse
FN:303,non_stream
FN:406,spawn_log
FN:416,stream_cloudflare
FN:488,non_stream_cloudflare
FNF:7
FNDA:0,normalize_model_name
FNDA:0,chat_handler
FNDA:0,stream_converse
FNDA:0,non_stream
FNDA:0,spawn_log
FNDA:0,stream_cloudflare
FNDA:0,non_stream_cloudflare
DA:42,0
DA:43,18
DA:44,6
DA:46,12
DA:112,0
DA:118,0
DA:119,0
DA:120,0
DA:121,0
DA:123,0
DA:126,0
DA:129,0
DA:133,0
DA:138,0
DA:139,0
DA:140,0
DA:142,0
DA:145,0
DA:148,0
DA:150,0
DA:151,0
DA:152,0
DA:153,0
DA:155,0
DA:156,0
DA:157,0
DA:158,0
DA:159,0
DA:161,0
DA:164,0
DA:168,0
DA:169,0
DA:170,0
DA:172,0
DA:176,0
DA:185,0
DA:187,0
DA:188,0
DA:189,0
DA:193,0
DA:195,0
DA:303,0
DA:312,0
DA:313,0
DA:317,0
DA:318,0
DA:319,0
DA:320,0
DA:323,0
DA:324,0
DA:325,0
DA:328,0
DA:331,0
DA:336,0
DA:339,0
DA:341,0
DA:342,0
DA:343,0
DA:345,0
DA:346,0
DA:347,0
DA:348,0
DA:352,0
DA:354,0
DA:355,0
DA:359,0
DA:360,0
DA:361,0
DA:363,0
DA:364,0
DA:365,0
DA:368,0
DA:369,0
DA:377,0
DA:400,0
DA:402,0
DA:406,0
DA:407,0
DA:408,0
DA:416,0
DA:425,0
DA:427,0
DA:428,0
DA:429,0
DA:433,0
DA:488,0
DA:497,0
DA:498,0
DA:499,0
DA:500,0
DA:503,0
DA:504,0
DA:505,0
DA:507,0
DA:508,0
DA:509,0
DA:517,0
DA:540,0
DA:542,0
DA:544,0
LF:100
LH:3
end_of_record
TN:
SF:/home/server/AWS-Bedrock-Wrapper-to-OpenAI-Compatible/src/interface/chat/reasoning_handler.rs
FN:93,chat_with_reasoning_handler
FN:102,reasoning_handler
FN:141,non_stream_reasoning
FN:259,stream_reasoning
FN:370,spawn_log
FNF:5
FNDA:0,chat_with_reasoning_handler
FNDA:0,reasoning_handler
FNDA:0,non_stream_reasoning
FNDA:0,stream_reasoning
FNDA:0,spawn_log
DA:93,0
DA:99,0
DA:102,0
DA:108,0
DA:109,0
DA:110,0
DA:111,0
DA:113,0
DA:116,0
DA:117,0
DA:119,0
DA:122,0
DA:123,0
DA:124,0
DA:125,0
DA:129,0
DA:130,0
DA:133,0
DA:134,0
DA:135,0
DA:137,0
DA:141,0
DA:149,0
DA:150,0
DA:151,0
DA:153,0
DA:157,0
DA:158,0
DA:159,0
DA:160,0
DA:163,0
DA:164,0
DA:165,0
DA:168,0
DA:169,0
DA:174,0
DA:175,0
DA:176,0
DA:177,0
DA:178,0
DA:179,0
DA:180,0
DA:190,0
DA:192,0
DA:194,0
DA:198,0
DA:200,0
DA:234,0
DA:236,0
DA:253,0
DA:255,0
DA:259,0
DA:267,0
DA:268,0
DA:269,0
DA:270,0
DA:272,0
DA:274,0
DA:276,0
DA:370,0
DA:371,0
DA:372,0
LF:62
LH:0
end_of_record
TN:
SF:/home/server/AWS-Bedrock-Wrapper-to-OpenAI-Compatible/src/interface/chat/thinking_handler.rs
FN:56,chat_with_thinking_handler
FN:91,model_supports_thinking
FN:97,model_supports_reasoning
FN:103,thinking_handler
FN:136,non_stream_thinking
FN:204,non_stream_as_stream
FN:267,spawn_log
FNF:7
FNDA:0,chat_with_thinking_handler
FNDA:0,model_supports_thinking
FNDA:0,model_supports_reasoning
FNDA:0,thinking_handler
FNDA:0,non_stream_thinking
FNDA:0,non_stream_as_stream
FNDA:0,spawn_log
DA:56,0
DA:62,0
DA:65,0
DA:66,0
DA:70,0
DA:71,0
DA:76,0
DA:77,0
DA:81,0
DA:84,0
DA:85,0
DA:88,0
DA:91,0
DA:92,0
DA:93,0
DA:97,0
DA:98,0
DA:99,0
DA:103,0
DA:109,0
DA:110,0
DA:111,0
DA:112,0
DA:114,0
DA:117,0
DA:118,0
DA:120,0
DA:123,0
DA:124,0
DA:125,0
DA:126,0
DA:128,0
DA:129,0
DA:130,0
DA:132,0
DA:136,0
DA:143,0
DA:144,0
DA:147,0
DA:149,0
DA:150,0
DA:151,0
DA:157,0
DA:159,0
DA:160,0
DA:165,0
DA:166,0
DA:169,0
DA:170,0
DA:171,0
DA:177,0
DA:182,0
DA:198,0
DA:200,0
DA:204,0
DA:211,0
DA:212,0
DA:216,0
DA:267,0
DA:268,0
DA:269,0
LF:61
LH:0
end_of_record
TN:
SF:/home/server/AWS-Bedrock-Wrapper-to-OpenAI-Compatible/src/interface/embedding/embedding_handler.rs
FN:11,handle_embeddings
FNF:1
FNDA:0,handle_embeddings
DA:11,0
DA:15,0
DA:16,0
DA:22,0
DA:23,0
DA:27,0
DA:30,0
DA:33,0
DA:35,0
DA:36,0
DA:37,0
DA:41,0
DA:42,0
DA:46,0
DA:47,0
DA:54,0
LF:16
LH:0
end_of_record
TN:
SF:/home/server/AWS-Bedrock-Wrapper-to-OpenAI-Compatible/src/shared/extractors.rs
FN:7,extract_bearer_token
FNF:1
FNDA:0,extract_bearer_token
DA:7,0
DA:8,0
LF:2
LH:0
end_of_record
